<?xml version="1.0" encoding="UTF-8"?>
<!-- Generated by org.testng.reporters.JUnitReportReporter -->
<testsuite hostname="Lenovo" failures="0" tests="4" name="Selenium.SeleniumTest.TestNgRepo" time="0.005" errors="0" timestamp="2024-01-20T17:27:11 IST" skipped="0">
  <testcase classname="Selenium.SeleniumTest.TestNgRepo" name="testMethod3" time="0.001">
    <system-out>
      <![CDATA[This is test method3...]]>
    </system-out>
  </testcase> <!-- testMethod3 -->
  <testcase classname="Selenium.SeleniumTest.TestNgRepo" name="testMethod4" time="0.001">
    <system-out>
      <![CDATA[This is test method4...]]>
    </system-out>
  </testcase> <!-- testMethod4 -->
  <testcase classname="Selenium.SeleniumTest.TestNgRepo" name="testMethod1" time="0.002">
    <system-out>
      <![CDATA[This is test method1...]]>
    </system-out>
  </testcase> <!-- testMethod1 -->
  <testcase classname="Selenium.SeleniumTest.TestNgRepo" name="testMethod2" time="0.001">
    <system-out>
      <![CDATA[This is test method2...]]>
    </system-out>
  </testcase> <!-- testMethod2 -->
  <system-out>
    <![CDATA[Chrome Browser Opened...
Google url opened...
India gate keyword entered...
Enter Key Pressed...
Closing browser...
This is test method1...
This is test method2...
This is test method3...
This is test method4...]]>
  </system-out>
</testsuite> <!-- Selenium.SeleniumTest.TestNgRepo -->
