<?xml version="1.0" encoding="UTF-8"?>
<!-- Generated by org.testng.reporters.JUnitReportReporter -->
<testsuite hostname="Lenovo" failures="0" tests="1" name="Selenium.SeleniumTest.TestNGReportEx2" time="5.065" errors="0" timestamp="2024-01-20T17:27:11 IST" skipped="0">
  <testcase classname="Selenium.SeleniumTest.TestNGReportEx2" name="googleSearch" time="5.065">
    <system-out>
      <![CDATA[Chrome Browser Opened...
Google url opened...
India gate keyword entered...
Enter Key Pressed...
Closing browser...]]>
    </system-out>
  </testcase> <!-- googleSearch -->
  <system-out>
    <![CDATA[Chrome Browser Opened...
Google url opened...
India gate keyword entered...
Enter Key Pressed...
Closing browser...
This is test method1...
This is test method2...
This is test method3...
This is test method4...]]>
  </system-out>
</testsuite> <!-- Selenium.SeleniumTest.TestNGReportEx2 -->
